[debug] [2018-06-07T21:34:36.389Z] ----------------------------------------------------------------------
[debug] [2018-06-07T21:34:36.392Z] Command:       /usr/local/bin/node /usr/local/bin/firebase deploy
[debug] [2018-06-07T21:34:36.392Z] CLI Version:   3.18.6
[debug] [2018-06-07T21:34:36.392Z] Platform:      linux
[debug] [2018-06-07T21:34:36.392Z] Node Version:  v8.11.1
[debug] [2018-06-07T21:34:36.393Z] Time:          Thu Jun 07 2018 23:34:36 GMT+0200 (CEST)
[debug] [2018-06-07T21:34:36.393Z] ----------------------------------------------------------------------
[debug] 
[debug] [2018-06-07T21:34:36.405Z] > command requires scopes: ["email","openid","https://www.googleapis.com/auth/cloudplatformprojects.readonly","https://www.googleapis.com/auth/firebase","https://www.googleapis.com/auth/cloud-platform"]
[debug] [2018-06-07T21:34:36.405Z] > authorizing via signed-in user
[debug] [2018-06-07T21:34:36.408Z] > refreshing access token with scopes: ["email","https://www.googleapis.com/auth/cloud-platform","https://www.googleapis.com/auth/cloudplatformprojects.readonly","https://www.googleapis.com/auth/firebase","openid"]
[debug] [2018-06-07T21:34:36.408Z] >>> HTTP REQUEST POST https://www.googleapis.com/oauth2/v3/token  
 { refresh_token: '1/2jqavPRwqx-KbCfdOO0FBfqVso8YMFLfIspzvc8n0cQwwWkzW3H8MIH8ikY-XCjk',
  client_id: '563584335869-fgrhgmd47bqnekij5i8b5pr03ho849e6.apps.googleusercontent.com',
  client_secret: 'j9iVZfS8kkCEFUPaAeJV0sAi',
  grant_type: 'refresh_token',
  scope: 'email https://www.googleapis.com/auth/cloud-platform https://www.googleapis.com/auth/cloudplatformprojects.readonly https://www.googleapis.com/auth/firebase openid' } 
 Thu Jun 07 2018 23:34:36 GMT+0200 (CEST)
[debug] [2018-06-07T21:34:36.629Z] <<< HTTP RESPONSE 200
[debug] [2018-06-07T21:34:36.694Z] >>> HTTP REQUEST GET https://admin.firebase.com/v1/projects/test-api-46894  
  
 Thu Jun 07 2018 23:34:36 GMT+0200 (CEST)
